<?xml version="1.0" encoding="UTF-8"?>
<testsuite name="kr.dowajwo.springboot.domain.posts.PostsRepositoryTest" tests="2" skipped="0" failures="0" errors="0" timestamp="2021-07-13T16:22:22" hostname="chris.local" time="0.022">
  <properties/>
  <testcase name="게시글저장_불러오기()" classname="kr.dowajwo.springboot.domain.posts.PostsRepositoryTest" time="0.014"/>
  <testcase name="BaseTimeEntity_등록()" classname="kr.dowajwo.springboot.domain.posts.PostsRepositoryTest" time="0.008"/>
  <system-out><![CDATA[2021-07-14 01:22:21.584  INFO 11369 --- [    Test worker] .b.t.c.SpringBootTestContextBootstrapper : Neither @ContextConfiguration nor @ContextHierarchy found for test class [kr.dowajwo.springboot.domain.posts.PostsRepositoryTest], using SpringBootContextLoader
2021-07-14 01:22:21.585  INFO 11369 --- [    Test worker] o.s.t.c.support.AbstractContextLoader    : Could not detect default resource locations for test class [kr.dowajwo.springboot.domain.posts.PostsRepositoryTest]: no resource found for suffixes {-context.xml, Context.groovy}.
2021-07-14 01:22:21.585  INFO 11369 --- [    Test worker] t.c.s.AnnotationConfigContextLoaderUtils : Could not detect default configuration classes for test class [kr.dowajwo.springboot.domain.posts.PostsRepositoryTest]: PostsRepositoryTest does not declare any static, non-private, non-final, nested classes annotated with @Configuration.
2021-07-14 01:22:21.587  INFO 11369 --- [    Test worker] .b.t.c.SpringBootTestContextBootstrapper : Found @SpringBootConfiguration kr.dowajwo.springboot.Application for test class kr.dowajwo.springboot.domain.posts.PostsRepositoryTest
2021-07-14 01:22:21.589  INFO 11369 --- [    Test worker] .b.t.c.SpringBootTestContextBootstrapper : Loaded default TestExecutionListener class names from location [META-INF/spring.factories]: [org.springframework.security.test.context.support.WithSecurityContextTestExecutionListener, org.springframework.security.test.context.support.ReactorContextTestExecutionListener, org.springframework.boot.test.autoconfigure.restdocs.RestDocsTestExecutionListener, org.springframework.boot.test.autoconfigure.web.client.MockRestServiceServerResetTestExecutionListener, org.springframework.boot.test.autoconfigure.web.servlet.MockMvcPrintOnlyOnFailureTestExecutionListener, org.springframework.boot.test.autoconfigure.web.servlet.WebDriverTestExecutionListener, org.springframework.boot.test.autoconfigure.webservices.client.MockWebServiceServerTestExecutionListener, org.springframework.boot.test.mock.mockito.MockitoTestExecutionListener, org.springframework.boot.test.mock.mockito.ResetMocksTestExecutionListener, org.springframework.test.context.web.ServletTestExecutionListener, org.springframework.test.context.support.DirtiesContextBeforeModesTestExecutionListener, org.springframework.test.context.support.DependencyInjectionTestExecutionListener, org.springframework.test.context.support.DirtiesContextTestExecutionListener, org.springframework.test.context.transaction.TransactionalTestExecutionListener, org.springframework.test.context.jdbc.SqlScriptsTestExecutionListener, org.springframework.test.context.event.EventPublishingTestExecutionListener]
2021-07-14 01:22:21.590  INFO 11369 --- [    Test worker] .b.t.c.SpringBootTestContextBootstrapper : Using TestExecutionListeners: [org.springframework.test.context.web.ServletTestExecutionListener@4de880c8, org.springframework.test.context.support.DirtiesContextBeforeModesTestExecutionListener@4900fc20, org.springframework.boot.test.mock.mockito.MockitoTestExecutionListener@6fbd8ece, org.springframework.boot.test.autoconfigure.SpringBootDependencyInjectionTestExecutionListener@5e46f1bc, org.springframework.test.context.support.DirtiesContextTestExecutionListener@5721c47c, org.springframework.test.context.transaction.TransactionalTestExecutionListener@190ed344, org.springframework.test.context.jdbc.SqlScriptsTestExecutionListener@1a46f555, org.springframework.security.test.context.support.WithSecurityContextTestExecutionListener@73642cb0, org.springframework.test.context.event.EventPublishingTestExecutionListener@2a3f1484, org.springframework.security.test.context.support.ReactorContextTestExecutionListener@45446674, org.springframework.boot.test.autoconfigure.restdocs.RestDocsTestExecutionListener@6885dfd4, org.springframework.boot.test.autoconfigure.web.client.MockRestServiceServerResetTestExecutionListener@3a567fd8, org.springframework.boot.test.autoconfigure.web.servlet.MockMvcPrintOnlyOnFailureTestExecutionListener@689fc722, org.springframework.boot.test.autoconfigure.web.servlet.WebDriverTestExecutionListener@e8e6b83, org.springframework.boot.test.autoconfigure.webservices.client.MockWebServiceServerTestExecutionListener@48b37ef9, org.springframework.boot.test.mock.mockito.ResetMocksTestExecutionListener@41127088]

  .   ____          _            __ _ _
 /\\ / ___'_ __ _ _(_)_ __  __ _ \ \ \ \
( ( )\___ | '_ | '_| | '_ \/ _` | \ \ \ \
 \\/  ___)| |_)| | | | | || (_| |  ) ) ) )
  '  |____| .__|_| |_|_| |_\__, | / / / /
 =========|_|==============|___/=/_/_/_/
 :: Spring Boot ::                (v2.4.1)

2021-07-14 01:22:21.601  INFO 11369 --- [    Test worker] k.d.s.domain.posts.PostsRepositoryTest   : Starting PostsRepositoryTest using Java 1.8.0_282 on chris.local with PID 11369 (started by chris in /Users/chris/IdeaProjects/kr.dowajwo)
2021-07-14 01:22:21.602  INFO 11369 --- [    Test worker] k.d.s.domain.posts.PostsRepositoryTest   : No active profile set, falling back to default profiles: default
2021-07-14 01:22:21.694  INFO 11369 --- [    Test worker] .s.d.r.c.RepositoryConfigurationDelegate : Bootstrapping Spring Data JPA repositories in DEFAULT mode.
2021-07-14 01:22:21.701  INFO 11369 --- [    Test worker] .s.d.r.c.RepositoryConfigurationDelegate : Finished Spring Data repository scanning in 6 ms. Found 2 JPA repository interfaces.
2021-07-14 01:22:21.776  INFO 11369 --- [    Test worker] com.zaxxer.hikari.HikariDataSource       : HikariPool-2 - Starting...
2021-07-14 01:22:21.776  INFO 11369 --- [    Test worker] com.zaxxer.hikari.HikariDataSource       : HikariPool-2 - Start completed.
2021-07-14 01:22:21.783  INFO 11369 --- [    Test worker] o.hibernate.jpa.internal.util.LogHelper  : HHH000204: Processing PersistenceUnitInfo [name: default]
2021-07-14 01:22:21.786  INFO 11369 --- [    Test worker] org.hibernate.dialect.Dialect            : HHH000400: Using dialect: org.hibernate.dialect.MySQL57Dialect
Hibernate: drop table if exists posts
Hibernate: drop table if exists user
Hibernate: create table posts (id bigint not null auto_increment, created_date datetime(6), modified_date datetime(6), author varchar(255), content TEXT not null, title varchar(500) not null, primary key (id)) engine=InnoDB
Hibernate: create table user (id bigint not null auto_increment, created_date datetime(6), modified_date datetime(6), email varchar(255) not null, name varchar(255) not null, picture varchar(255), role varchar(255) not null, primary key (id)) engine=InnoDB
2021-07-14 01:22:21.821  INFO 11369 --- [    Test worker] o.h.e.t.j.p.i.JtaPlatformInitiator       : HHH000490: Using JtaPlatform implementation: [org.hibernate.engine.transaction.jta.platform.internal.NoJtaPlatform]
2021-07-14 01:22:21.822  INFO 11369 --- [    Test worker] j.LocalContainerEntityManagerFactoryBean : Initialized JPA EntityManagerFactory for persistence unit 'default'
2021-07-14 01:22:21.891  WARN 11369 --- [    Test worker] JpaBaseConfiguration$JpaWebConfiguration : spring.jpa.open-in-view is enabled by default. Therefore, database queries may be performed during view rendering. Explicitly configure spring.jpa.open-in-view to disable this warning
2021-07-14 01:22:21.983  INFO 11369 --- [    Test worker] o.s.s.web.DefaultSecurityFilterChain     : Will secure any request with [org.springframework.security.web.context.request.async.WebAsyncManagerIntegrationFilter@dca3aec, org.springframework.security.web.context.SecurityContextPersistenceFilter@7b407c8a, org.springframework.security.web.header.HeaderWriterFilter@70c51b18, org.springframework.security.web.authentication.logout.LogoutFilter@58db9046, org.springframework.security.oauth2.client.web.OAuth2AuthorizationRequestRedirectFilter@32fa04b8, org.springframework.security.oauth2.client.web.OAuth2LoginAuthenticationFilter@751c13b5, org.springframework.security.web.authentication.ui.DefaultLoginPageGeneratingFilter@167d8d7f, org.springframework.security.web.authentication.ui.DefaultLogoutPageGeneratingFilter@589e5909, org.springframework.security.web.savedrequest.RequestCacheAwareFilter@44fe5652, org.springframework.security.web.servletapi.SecurityContextHolderAwareRequestFilter@1c3b980e, org.springframework.security.web.authentication.AnonymousAuthenticationFilter@3aa34966, org.springframework.security.web.session.SessionManagementFilter@639d2a3c, org.springframework.security.web.access.ExceptionTranslationFilter@17a51484, org.springframework.security.web.access.intercept.FilterSecurityInterceptor@11d89b3f]
2021-07-14 01:22:22.063  INFO 11369 --- [    Test worker] o.s.s.concurrent.ThreadPoolTaskExecutor  : Initializing ExecutorService 'applicationTaskExecutor'
2021-07-14 01:22:22.074  INFO 11369 --- [    Test worker] o.s.b.a.h2.H2ConsoleAutoConfiguration    : H2 console available at '/h2-console'. Database available at 'jdbc:h2:mem:testdb'
2021-07-14 01:22:22.090  INFO 11369 --- [    Test worker] o.s.b.a.w.s.WelcomePageHandlerMapping    : Adding welcome page template: index
2021-07-14 01:22:22.213  INFO 11369 --- [    Test worker] s.a.ScheduledAnnotationBeanPostProcessor : No TaskScheduler/ScheduledExecutorService bean found for scheduled processing
2021-07-14 01:22:22.214  INFO 11369 --- [    Test worker] k.d.s.domain.posts.PostsRepositoryTest   : Started PostsRepositoryTest in 0.621 seconds (JVM running for 5.26)
Hibernate: insert into posts (created_date, modified_date, author, content, title) values (?, ?, ?, ?, ?)
Hibernate: select posts0_.id as id1_0_, posts0_.created_date as created_2_0_, posts0_.modified_date as modified3_0_, posts0_.author as author4_0_, posts0_.content as content5_0_, posts0_.title as title6_0_ from posts posts0_
Hibernate: select posts0_.id as id1_0_, posts0_.created_date as created_2_0_, posts0_.modified_date as modified3_0_, posts0_.author as author4_0_, posts0_.content as content5_0_, posts0_.title as title6_0_ from posts posts0_
Hibernate: delete from posts where id=?
Hibernate: insert into posts (created_date, modified_date, author, content, title) values (?, ?, ?, ?, ?)
Hibernate: select posts0_.id as id1_0_, posts0_.created_date as created_2_0_, posts0_.modified_date as modified3_0_, posts0_.author as author4_0_, posts0_.content as content5_0_, posts0_.title as title6_0_ from posts posts0_
>>>>>>>>>> createdDate=2021-07-14T01:22:22.230, modifiedDate=2021-07-14T01:22:22.230
Hibernate: select posts0_.id as id1_0_, posts0_.created_date as created_2_0_, posts0_.modified_date as modified3_0_, posts0_.author as author4_0_, posts0_.content as content5_0_, posts0_.title as title6_0_ from posts posts0_
Hibernate: delete from posts where id=?
]]></system-out>
  <system-err><![CDATA[]]></system-err>
</testsuite>
