<?xml version="1.0" encoding="UTF-8"?>
<testsuite name="kr.dowajwo.springboot.web.HelloControllerTest" tests="2" skipped="0" failures="0" errors="0" timestamp="2021-07-13T16:22:21" hostname="chris.local" time="0.042">
  <properties/>
  <testcase name="hello가_리턴된다()" classname="kr.dowajwo.springboot.web.HelloControllerTest" time="0.017"/>
  <testcase name="helloDto가_리턴된다()" classname="kr.dowajwo.springboot.web.HelloControllerTest" time="0.024"/>
  <system-out><![CDATA[2021-07-14 01:22:21.004  INFO 11369 --- [    Test worker] .b.t.a.w.s.WebMvcTestContextBootstrapper : Neither @ContextConfiguration nor @ContextHierarchy found for test class [kr.dowajwo.springboot.web.HelloControllerTest], using SpringBootContextLoader
2021-07-14 01:22:21.006  INFO 11369 --- [    Test worker] o.s.t.c.support.AbstractContextLoader    : Could not detect default resource locations for test class [kr.dowajwo.springboot.web.HelloControllerTest]: no resource found for suffixes {-context.xml, Context.groovy}.
2021-07-14 01:22:21.006  INFO 11369 --- [    Test worker] t.c.s.AnnotationConfigContextLoaderUtils : Could not detect default configuration classes for test class [kr.dowajwo.springboot.web.HelloControllerTest]: HelloControllerTest does not declare any static, non-private, non-final, nested classes annotated with @Configuration.
2021-07-14 01:22:21.017  INFO 11369 --- [    Test worker] .b.t.c.SpringBootTestContextBootstrapper : Found @SpringBootConfiguration kr.dowajwo.springboot.Application for test class kr.dowajwo.springboot.web.HelloControllerTest
2021-07-14 01:22:21.018  INFO 11369 --- [    Test worker] .b.t.a.w.s.WebMvcTestContextBootstrapper : Loaded default TestExecutionListener class names from location [META-INF/spring.factories]: [org.springframework.security.test.context.support.WithSecurityContextTestExecutionListener, org.springframework.security.test.context.support.ReactorContextTestExecutionListener, org.springframework.boot.test.autoconfigure.restdocs.RestDocsTestExecutionListener, org.springframework.boot.test.autoconfigure.web.client.MockRestServiceServerResetTestExecutionListener, org.springframework.boot.test.autoconfigure.web.servlet.MockMvcPrintOnlyOnFailureTestExecutionListener, org.springframework.boot.test.autoconfigure.web.servlet.WebDriverTestExecutionListener, org.springframework.boot.test.autoconfigure.webservices.client.MockWebServiceServerTestExecutionListener, org.springframework.boot.test.mock.mockito.MockitoTestExecutionListener, org.springframework.boot.test.mock.mockito.ResetMocksTestExecutionListener, org.springframework.test.context.web.ServletTestExecutionListener, org.springframework.test.context.support.DirtiesContextBeforeModesTestExecutionListener, org.springframework.test.context.support.DependencyInjectionTestExecutionListener, org.springframework.test.context.support.DirtiesContextTestExecutionListener, org.springframework.test.context.transaction.TransactionalTestExecutionListener, org.springframework.test.context.jdbc.SqlScriptsTestExecutionListener, org.springframework.test.context.event.EventPublishingTestExecutionListener]
2021-07-14 01:22:21.018  INFO 11369 --- [    Test worker] .b.t.a.w.s.WebMvcTestContextBootstrapper : Using TestExecutionListeners: [org.springframework.test.context.web.ServletTestExecutionListener@3656cebf, org.springframework.test.context.support.DirtiesContextBeforeModesTestExecutionListener@14ff48a8, org.springframework.boot.test.mock.mockito.MockitoTestExecutionListener@41387b27, org.springframework.boot.test.autoconfigure.SpringBootDependencyInjectionTestExecutionListener@2bf48512, org.springframework.test.context.support.DirtiesContextTestExecutionListener@2b5785e5, org.springframework.test.context.transaction.TransactionalTestExecutionListener@4503322f, org.springframework.test.context.jdbc.SqlScriptsTestExecutionListener@476088eb, org.springframework.security.test.context.support.WithSecurityContextTestExecutionListener@48b34900, org.springframework.test.context.event.EventPublishingTestExecutionListener@5f5c955e, org.springframework.security.test.context.support.ReactorContextTestExecutionListener@31256d0, org.springframework.boot.test.autoconfigure.restdocs.RestDocsTestExecutionListener@4076a189, org.springframework.boot.test.autoconfigure.web.client.MockRestServiceServerResetTestExecutionListener@125f1bce, org.springframework.boot.test.autoconfigure.web.servlet.MockMvcPrintOnlyOnFailureTestExecutionListener@29929abe, org.springframework.boot.test.autoconfigure.web.servlet.WebDriverTestExecutionListener@38a7fd8a, org.springframework.boot.test.autoconfigure.webservices.client.MockWebServiceServerTestExecutionListener@4d2869fe, org.springframework.boot.test.mock.mockito.ResetMocksTestExecutionListener@27c39afe]

  .   ____          _            __ _ _
 /\\ / ___'_ __ _ _(_)_ __  __ _ \ \ \ \
( ( )\___ | '_ | '_| | '_ \/ _` | \ \ \ \
 \\/  ___)| |_)| | | | | || (_| |  ) ) ) )
  '  |____| .__|_| |_|_| |_\__, | / / / /
 =========|_|==============|___/=/_/_/_/
 :: Spring Boot ::                (v2.4.1)

2021-07-14 01:22:21.040  INFO 11369 --- [    Test worker] k.d.springboot.web.HelloControllerTest   : Starting HelloControllerTest using Java 1.8.0_282 on chris.local with PID 11369 (started by chris in /Users/chris/IdeaProjects/kr.dowajwo)
2021-07-14 01:22:21.041  INFO 11369 --- [    Test worker] k.d.springboot.web.HelloControllerTest   : No active profile set, falling back to default profiles: default
2021-07-14 01:22:21.239  INFO 11369 --- [    Test worker] o.s.s.concurrent.ThreadPoolTaskExecutor  : Initializing ExecutorService 'applicationTaskExecutor'
2021-07-14 01:22:21.254  INFO 11369 --- [    Test worker] o.s.b.a.w.s.WelcomePageHandlerMapping    : Adding welcome page template: index
2021-07-14 01:22:21.383  INFO 11369 --- [    Test worker] o.s.s.web.DefaultSecurityFilterChain     : Will secure any request with [org.springframework.security.web.context.request.async.WebAsyncManagerIntegrationFilter@38daf000, org.springframework.security.web.context.SecurityContextPersistenceFilter@78a40798, org.springframework.security.web.header.HeaderWriterFilter@1f74b9f9, org.springframework.security.web.csrf.CsrfFilter@14d0a69d, org.springframework.security.web.authentication.logout.LogoutFilter@7af8b689, org.springframework.security.oauth2.client.web.OAuth2AuthorizationRequestRedirectFilter@7e2a1ab1, org.springframework.security.oauth2.client.web.OAuth2AuthorizationRequestRedirectFilter@5cc37d85, org.springframework.security.oauth2.client.web.OAuth2LoginAuthenticationFilter@62f8e443, org.springframework.security.web.authentication.ui.DefaultLoginPageGeneratingFilter@20a7c314, org.springframework.security.web.authentication.ui.DefaultLogoutPageGeneratingFilter@1b17a19a, org.springframework.security.web.savedrequest.RequestCacheAwareFilter@1eb897bd, org.springframework.security.web.servletapi.SecurityContextHolderAwareRequestFilter@24b94ee2, org.springframework.security.web.authentication.AnonymousAuthenticationFilter@64905f66, org.springframework.security.oauth2.client.web.OAuth2AuthorizationCodeGrantFilter@7910cd0b, org.springframework.security.web.session.SessionManagementFilter@e0110c4, org.springframework.security.web.access.ExceptionTranslationFilter@40d4d5c4, org.springframework.security.web.access.intercept.FilterSecurityInterceptor@ae496e6]
2021-07-14 01:22:21.416  INFO 11369 --- [    Test worker] o.s.b.t.m.w.SpringBootMockServletContext : Initializing Spring TestDispatcherServlet ''
2021-07-14 01:22:21.416  INFO 11369 --- [    Test worker] o.s.t.web.servlet.TestDispatcherServlet  : Initializing Servlet ''
2021-07-14 01:22:21.416  INFO 11369 --- [    Test worker] o.s.t.web.servlet.TestDispatcherServlet  : Completed initialization in 0 ms
2021-07-14 01:22:21.422  INFO 11369 --- [    Test worker] k.d.springboot.web.HelloControllerTest   : Started HelloControllerTest in 0.397 seconds (JVM running for 4.468)
]]></system-out>
  <system-err><![CDATA[]]></system-err>
</testsuite>
