<?xml version="1.0" encoding="UTF-8"?>
<testsuite name="kr.dowajwo.springboot.web.IndexControllerTest" tests="1" skipped="0" failures="0" errors="0" timestamp="2021-07-12T18:36:55" hostname="chris.local" time="0.089">
  <properties/>
  <testcase name="메인페이지_로딩()" classname="kr.dowajwo.springboot.web.IndexControllerTest" time="0.089"/>
  <system-out><![CDATA[2021-07-13 03:36:55.648  INFO 7294 --- [    Test worker] .b.t.c.SpringBootTestContextBootstrapper : Neither @ContextConfiguration nor @ContextHierarchy found for test class [kr.dowajwo.springboot.web.IndexControllerTest], using SpringBootContextLoader
2021-07-13 03:36:55.648  INFO 7294 --- [    Test worker] o.s.t.c.support.AbstractContextLoader    : Could not detect default resource locations for test class [kr.dowajwo.springboot.web.IndexControllerTest]: no resource found for suffixes {-context.xml, Context.groovy}.
2021-07-13 03:36:55.648  INFO 7294 --- [    Test worker] t.c.s.AnnotationConfigContextLoaderUtils : Could not detect default configuration classes for test class [kr.dowajwo.springboot.web.IndexControllerTest]: IndexControllerTest does not declare any static, non-private, non-final, nested classes annotated with @Configuration.
2021-07-13 03:36:55.649  INFO 7294 --- [    Test worker] .b.t.c.SpringBootTestContextBootstrapper : Found @SpringBootConfiguration kr.dowajwo.springboot.Application for test class kr.dowajwo.springboot.web.IndexControllerTest
2021-07-13 03:36:55.650  INFO 7294 --- [    Test worker] .b.t.c.SpringBootTestContextBootstrapper : Loaded default TestExecutionListener class names from location [META-INF/spring.factories]: [org.springframework.security.test.context.support.WithSecurityContextTestExecutionListener, org.springframework.security.test.context.support.ReactorContextTestExecutionListener, org.springframework.boot.test.autoconfigure.restdocs.RestDocsTestExecutionListener, org.springframework.boot.test.autoconfigure.web.client.MockRestServiceServerResetTestExecutionListener, org.springframework.boot.test.autoconfigure.web.servlet.MockMvcPrintOnlyOnFailureTestExecutionListener, org.springframework.boot.test.autoconfigure.web.servlet.WebDriverTestExecutionListener, org.springframework.boot.test.autoconfigure.webservices.client.MockWebServiceServerTestExecutionListener, org.springframework.boot.test.mock.mockito.MockitoTestExecutionListener, org.springframework.boot.test.mock.mockito.ResetMocksTestExecutionListener, org.springframework.test.context.web.ServletTestExecutionListener, org.springframework.test.context.support.DirtiesContextBeforeModesTestExecutionListener, org.springframework.test.context.support.DependencyInjectionTestExecutionListener, org.springframework.test.context.support.DirtiesContextTestExecutionListener, org.springframework.test.context.transaction.TransactionalTestExecutionListener, org.springframework.test.context.jdbc.SqlScriptsTestExecutionListener, org.springframework.test.context.event.EventPublishingTestExecutionListener]
2021-07-13 03:36:55.651  INFO 7294 --- [    Test worker] .b.t.c.SpringBootTestContextBootstrapper : Using TestExecutionListeners: [org.springframework.test.context.web.ServletTestExecutionListener@62055323, org.springframework.test.context.support.DirtiesContextBeforeModesTestExecutionListener@ea62dec, org.springframework.boot.test.mock.mockito.MockitoTestExecutionListener@69acf727, org.springframework.boot.test.autoconfigure.SpringBootDependencyInjectionTestExecutionListener@64b303d1, org.springframework.test.context.support.DirtiesContextTestExecutionListener@2c67d82f, org.springframework.test.context.transaction.TransactionalTestExecutionListener@13915902, org.springframework.test.context.jdbc.SqlScriptsTestExecutionListener@1d8a8198, org.springframework.security.test.context.support.WithSecurityContextTestExecutionListener@61dba473, org.springframework.test.context.event.EventPublishingTestExecutionListener@736fbec7, org.springframework.security.test.context.support.ReactorContextTestExecutionListener@6aafb0e1, org.springframework.boot.test.autoconfigure.restdocs.RestDocsTestExecutionListener@23607a6d, org.springframework.boot.test.autoconfigure.web.client.MockRestServiceServerResetTestExecutionListener@1fa4ba4e, org.springframework.boot.test.autoconfigure.web.servlet.MockMvcPrintOnlyOnFailureTestExecutionListener@11b3a6fb, org.springframework.boot.test.autoconfigure.web.servlet.WebDriverTestExecutionListener@68c2494, org.springframework.boot.test.autoconfigure.webservices.client.MockWebServiceServerTestExecutionListener@261f953a, org.springframework.boot.test.mock.mockito.ResetMocksTestExecutionListener@1c533d7d]
2021-07-13 03:36:55.704  INFO 7294 --- [o-auto-1-exec-1] o.a.c.c.C.[Tomcat].[localhost].[/]       : Initializing Spring DispatcherServlet 'dispatcherServlet'
2021-07-13 03:36:55.704  INFO 7294 --- [o-auto-1-exec-1] o.s.web.servlet.DispatcherServlet        : Initializing Servlet 'dispatcherServlet'
2021-07-13 03:36:55.704  INFO 7294 --- [o-auto-1-exec-1] o.s.web.servlet.DispatcherServlet        : Completed initialization in 0 ms
Hibernate: select posts0_.id as id1_0_, posts0_.created_date as created_2_0_, posts0_.modified_date as modified3_0_, posts0_.author as author4_0_, posts0_.content as content5_0_, posts0_.title as title6_0_ from posts posts0_ order by posts0_.id DESC
]]></system-out>
  <system-err><![CDATA[]]></system-err>
</testsuite>
