<?xml version="1.0" encoding="UTF-8"?>
<testsuite name="kr.dowajwo.springboot.web.dto.HelloResponseDtoTest" tests="1" skipped="0" failures="0" errors="0" timestamp="2021-07-13T16:22:17" hostname="chris.local" time="0.034">
  <properties/>
  <testcase name="롬복_기능_테스트()" classname="kr.dowajwo.springboot.web.dto.HelloResponseDtoTest" time="0.034"/>
  <system-out><![CDATA[]]></system-out>
  <system-err><![CDATA[]]></system-err>
</testsuite>
