<?xml version="1.0" encoding="UTF-8"?>
<testsuite name="kr.dowajwo.springboot.domain.posts.PostsRepositoryTest" tests="2" skipped="0" failures="0" errors="0" timestamp="2021-07-12T18:36:56" hostname="chris.local" time="0.016">
  <properties/>
  <testcase name="게시글저장_불러오기()" classname="kr.dowajwo.springboot.domain.posts.PostsRepositoryTest" time="0.01"/>
  <testcase name="BaseTimeEntity_등록()" classname="kr.dowajwo.springboot.domain.posts.PostsRepositoryTest" time="0.005"/>
  <system-out><![CDATA[2021-07-13 03:36:55.742  INFO 7294 --- [    Test worker] .b.t.c.SpringBootTestContextBootstrapper : Neither @ContextConfiguration nor @ContextHierarchy found for test class [kr.dowajwo.springboot.domain.posts.PostsRepositoryTest], using SpringBootContextLoader
2021-07-13 03:36:55.743  INFO 7294 --- [    Test worker] o.s.t.c.support.AbstractContextLoader    : Could not detect default resource locations for test class [kr.dowajwo.springboot.domain.posts.PostsRepositoryTest]: no resource found for suffixes {-context.xml, Context.groovy}.
2021-07-13 03:36:55.743  INFO 7294 --- [    Test worker] t.c.s.AnnotationConfigContextLoaderUtils : Could not detect default configuration classes for test class [kr.dowajwo.springboot.domain.posts.PostsRepositoryTest]: PostsRepositoryTest does not declare any static, non-private, non-final, nested classes annotated with @Configuration.
2021-07-13 03:36:55.745  INFO 7294 --- [    Test worker] .b.t.c.SpringBootTestContextBootstrapper : Found @SpringBootConfiguration kr.dowajwo.springboot.Application for test class kr.dowajwo.springboot.domain.posts.PostsRepositoryTest
2021-07-13 03:36:55.746  INFO 7294 --- [    Test worker] .b.t.c.SpringBootTestContextBootstrapper : Loaded default TestExecutionListener class names from location [META-INF/spring.factories]: [org.springframework.security.test.context.support.WithSecurityContextTestExecutionListener, org.springframework.security.test.context.support.ReactorContextTestExecutionListener, org.springframework.boot.test.autoconfigure.restdocs.RestDocsTestExecutionListener, org.springframework.boot.test.autoconfigure.web.client.MockRestServiceServerResetTestExecutionListener, org.springframework.boot.test.autoconfigure.web.servlet.MockMvcPrintOnlyOnFailureTestExecutionListener, org.springframework.boot.test.autoconfigure.web.servlet.WebDriverTestExecutionListener, org.springframework.boot.test.autoconfigure.webservices.client.MockWebServiceServerTestExecutionListener, org.springframework.boot.test.mock.mockito.MockitoTestExecutionListener, org.springframework.boot.test.mock.mockito.ResetMocksTestExecutionListener, org.springframework.test.context.web.ServletTestExecutionListener, org.springframework.test.context.support.DirtiesContextBeforeModesTestExecutionListener, org.springframework.test.context.support.DependencyInjectionTestExecutionListener, org.springframework.test.context.support.DirtiesContextTestExecutionListener, org.springframework.test.context.transaction.TransactionalTestExecutionListener, org.springframework.test.context.jdbc.SqlScriptsTestExecutionListener, org.springframework.test.context.event.EventPublishingTestExecutionListener]
2021-07-13 03:36:55.746  INFO 7294 --- [    Test worker] .b.t.c.SpringBootTestContextBootstrapper : Using TestExecutionListeners: [org.springframework.test.context.web.ServletTestExecutionListener@2fe7f266, org.springframework.test.context.support.DirtiesContextBeforeModesTestExecutionListener@8e075f9, org.springframework.boot.test.mock.mockito.MockitoTestExecutionListener@6319b6e, org.springframework.boot.test.autoconfigure.SpringBootDependencyInjectionTestExecutionListener@71dc0f16, org.springframework.test.context.support.DirtiesContextTestExecutionListener@61b8b789, org.springframework.test.context.transaction.TransactionalTestExecutionListener@6a7c49fa, org.springframework.test.context.jdbc.SqlScriptsTestExecutionListener@601c5530, org.springframework.security.test.context.support.WithSecurityContextTestExecutionListener@7129429a, org.springframework.test.context.event.EventPublishingTestExecutionListener@5589a7c9, org.springframework.security.test.context.support.ReactorContextTestExecutionListener@5db2071b, org.springframework.boot.test.autoconfigure.restdocs.RestDocsTestExecutionListener@5f856c48, org.springframework.boot.test.autoconfigure.web.client.MockRestServiceServerResetTestExecutionListener@6403d8b0, org.springframework.boot.test.autoconfigure.web.servlet.MockMvcPrintOnlyOnFailureTestExecutionListener@7cac8c16, org.springframework.boot.test.autoconfigure.web.servlet.WebDriverTestExecutionListener@31ebd647, org.springframework.boot.test.autoconfigure.webservices.client.MockWebServiceServerTestExecutionListener@45f80b1e, org.springframework.boot.test.mock.mockito.ResetMocksTestExecutionListener@3f449d49]

  .   ____          _            __ _ _
 /\\ / ___'_ __ _ _(_)_ __  __ _ \ \ \ \
( ( )\___ | '_ | '_| | '_ \/ _` | \ \ \ \
 \\/  ___)| |_)| | | | | || (_| |  ) ) ) )
  '  |____| .__|_| |_|_| |_\__, | / / / /
 =========|_|==============|___/=/_/_/_/
 :: Spring Boot ::                (v2.4.1)

2021-07-13 03:36:55.757  INFO 7294 --- [    Test worker] k.d.s.domain.posts.PostsRepositoryTest   : Starting PostsRepositoryTest using Java 1.8.0_282 on chris.local with PID 7294 (started by chris in /Users/chris/IdeaProjects/kr.dowajwo)
2021-07-13 03:36:55.758  INFO 7294 --- [    Test worker] k.d.s.domain.posts.PostsRepositoryTest   : No active profile set, falling back to default profiles: default
2021-07-13 03:36:55.848  INFO 7294 --- [    Test worker] .s.d.r.c.RepositoryConfigurationDelegate : Bootstrapping Spring Data JPA repositories in DEFAULT mode.
2021-07-13 03:36:55.856  INFO 7294 --- [    Test worker] .s.d.r.c.RepositoryConfigurationDelegate : Finished Spring Data repository scanning in 7 ms. Found 2 JPA repository interfaces.
2021-07-13 03:36:55.938  INFO 7294 --- [    Test worker] com.zaxxer.hikari.HikariDataSource       : HikariPool-2 - Starting...
2021-07-13 03:36:55.938  INFO 7294 --- [    Test worker] com.zaxxer.hikari.HikariDataSource       : HikariPool-2 - Start completed.
2021-07-13 03:36:55.946  INFO 7294 --- [    Test worker] o.hibernate.jpa.internal.util.LogHelper  : HHH000204: Processing PersistenceUnitInfo [name: default]
2021-07-13 03:36:55.948  INFO 7294 --- [    Test worker] org.hibernate.dialect.Dialect            : HHH000400: Using dialect: org.hibernate.dialect.MySQL57Dialect
Hibernate: drop table if exists posts
Hibernate: drop table if exists user
Hibernate: create table posts (id bigint not null auto_increment, created_date datetime(6), modified_date datetime(6), author varchar(255), content TEXT not null, title varchar(500) not null, primary key (id)) engine=InnoDB
Hibernate: create table user (id bigint not null auto_increment, created_date datetime(6), modified_date datetime(6), email varchar(255) not null, name varchar(255) not null, picture varchar(255), role varchar(255) not null, primary key (id)) engine=InnoDB
2021-07-13 03:36:55.988  INFO 7294 --- [    Test worker] o.h.e.t.j.p.i.JtaPlatformInitiator       : HHH000490: Using JtaPlatform implementation: [org.hibernate.engine.transaction.jta.platform.internal.NoJtaPlatform]
2021-07-13 03:36:55.988  INFO 7294 --- [    Test worker] j.LocalContainerEntityManagerFactoryBean : Initialized JPA EntityManagerFactory for persistence unit 'default'
2021-07-13 03:36:56.048  WARN 7294 --- [    Test worker] JpaBaseConfiguration$JpaWebConfiguration : spring.jpa.open-in-view is enabled by default. Therefore, database queries may be performed during view rendering. Explicitly configure spring.jpa.open-in-view to disable this warning
2021-07-13 03:36:56.130  INFO 7294 --- [    Test worker] o.s.s.web.DefaultSecurityFilterChain     : Will secure any request with [org.springframework.security.web.context.request.async.WebAsyncManagerIntegrationFilter@436e3d48, org.springframework.security.web.context.SecurityContextPersistenceFilter@5f949614, org.springframework.security.web.header.HeaderWriterFilter@58c35f4b, org.springframework.security.web.authentication.logout.LogoutFilter@e590297, org.springframework.security.oauth2.client.web.OAuth2AuthorizationRequestRedirectFilter@5cbd0158, org.springframework.security.oauth2.client.web.OAuth2LoginAuthenticationFilter@7db70d14, org.springframework.security.web.authentication.ui.DefaultLoginPageGeneratingFilter@2d2b17c4, org.springframework.security.web.authentication.ui.DefaultLogoutPageGeneratingFilter@54c14adf, org.springframework.security.web.savedrequest.RequestCacheAwareFilter@2ade5567, org.springframework.security.web.servletapi.SecurityContextHolderAwareRequestFilter@68256e70, org.springframework.security.web.authentication.AnonymousAuthenticationFilter@60c226de, org.springframework.security.web.session.SessionManagementFilter@5f73571f, org.springframework.security.web.access.ExceptionTranslationFilter@57044776, org.springframework.security.web.access.intercept.FilterSecurityInterceptor@3a45afbd]
2021-07-13 03:36:56.214  INFO 7294 --- [    Test worker] o.s.s.concurrent.ThreadPoolTaskExecutor  : Initializing ExecutorService 'applicationTaskExecutor'
2021-07-13 03:36:56.225  INFO 7294 --- [    Test worker] o.s.b.a.h2.H2ConsoleAutoConfiguration    : H2 console available at '/h2-console'. Database available at 'jdbc:h2:mem:testdb'
2021-07-13 03:36:56.236  INFO 7294 --- [    Test worker] o.s.b.a.w.s.WelcomePageHandlerMapping    : Adding welcome page template: index
2021-07-13 03:36:56.342  INFO 7294 --- [    Test worker] s.a.ScheduledAnnotationBeanPostProcessor : No TaskScheduler/ScheduledExecutorService bean found for scheduled processing
2021-07-13 03:36:56.343  INFO 7294 --- [    Test worker] k.d.s.domain.posts.PostsRepositoryTest   : Started PostsRepositoryTest in 0.595 seconds (JVM running for 4.79)
Hibernate: insert into posts (created_date, modified_date, author, content, title) values (?, ?, ?, ?, ?)
Hibernate: select posts0_.id as id1_0_, posts0_.created_date as created_2_0_, posts0_.modified_date as modified3_0_, posts0_.author as author4_0_, posts0_.content as content5_0_, posts0_.title as title6_0_ from posts posts0_
Hibernate: select posts0_.id as id1_0_, posts0_.created_date as created_2_0_, posts0_.modified_date as modified3_0_, posts0_.author as author4_0_, posts0_.content as content5_0_, posts0_.title as title6_0_ from posts posts0_
Hibernate: delete from posts where id=?
Hibernate: insert into posts (created_date, modified_date, author, content, title) values (?, ?, ?, ?, ?)
Hibernate: select posts0_.id as id1_0_, posts0_.created_date as created_2_0_, posts0_.modified_date as modified3_0_, posts0_.author as author4_0_, posts0_.content as content5_0_, posts0_.title as title6_0_ from posts posts0_
>>>>>>>>>> createdDate=2021-07-13T03:36:56.356, modifiedDate=2021-07-13T03:36:56.356
Hibernate: select posts0_.id as id1_0_, posts0_.created_date as created_2_0_, posts0_.modified_date as modified3_0_, posts0_.author as author4_0_, posts0_.content as content5_0_, posts0_.title as title6_0_ from posts posts0_
Hibernate: delete from posts where id=?
]]></system-out>
  <system-err><![CDATA[]]></system-err>
</testsuite>
