<?xml version="1.0" encoding="UTF-8"?>
<testsuite name="kr.dowajwo.springboot.web.HelloControllerTest" tests="2" skipped="0" failures="0" errors="0" timestamp="2021-07-12T18:36:55" hostname="chris.local" time="0.035">
  <properties/>
  <testcase name="hello가_리턴된다()" classname="kr.dowajwo.springboot.web.HelloControllerTest" time="0.015"/>
  <testcase name="helloDto가_리턴된다()" classname="kr.dowajwo.springboot.web.HelloControllerTest" time="0.019"/>
  <system-out><![CDATA[2021-07-13 03:36:55.200  INFO 7294 --- [    Test worker] .b.t.a.w.s.WebMvcTestContextBootstrapper : Neither @ContextConfiguration nor @ContextHierarchy found for test class [kr.dowajwo.springboot.web.HelloControllerTest], using SpringBootContextLoader
2021-07-13 03:36:55.200  INFO 7294 --- [    Test worker] o.s.t.c.support.AbstractContextLoader    : Could not detect default resource locations for test class [kr.dowajwo.springboot.web.HelloControllerTest]: no resource found for suffixes {-context.xml, Context.groovy}.
2021-07-13 03:36:55.200  INFO 7294 --- [    Test worker] t.c.s.AnnotationConfigContextLoaderUtils : Could not detect default configuration classes for test class [kr.dowajwo.springboot.web.HelloControllerTest]: HelloControllerTest does not declare any static, non-private, non-final, nested classes annotated with @Configuration.
2021-07-13 03:36:55.211  INFO 7294 --- [    Test worker] .b.t.c.SpringBootTestContextBootstrapper : Found @SpringBootConfiguration kr.dowajwo.springboot.Application for test class kr.dowajwo.springboot.web.HelloControllerTest
2021-07-13 03:36:55.212  INFO 7294 --- [    Test worker] .b.t.a.w.s.WebMvcTestContextBootstrapper : Loaded default TestExecutionListener class names from location [META-INF/spring.factories]: [org.springframework.security.test.context.support.WithSecurityContextTestExecutionListener, org.springframework.security.test.context.support.ReactorContextTestExecutionListener, org.springframework.boot.test.autoconfigure.restdocs.RestDocsTestExecutionListener, org.springframework.boot.test.autoconfigure.web.client.MockRestServiceServerResetTestExecutionListener, org.springframework.boot.test.autoconfigure.web.servlet.MockMvcPrintOnlyOnFailureTestExecutionListener, org.springframework.boot.test.autoconfigure.web.servlet.WebDriverTestExecutionListener, org.springframework.boot.test.autoconfigure.webservices.client.MockWebServiceServerTestExecutionListener, org.springframework.boot.test.mock.mockito.MockitoTestExecutionListener, org.springframework.boot.test.mock.mockito.ResetMocksTestExecutionListener, org.springframework.test.context.web.ServletTestExecutionListener, org.springframework.test.context.support.DirtiesContextBeforeModesTestExecutionListener, org.springframework.test.context.support.DependencyInjectionTestExecutionListener, org.springframework.test.context.support.DirtiesContextTestExecutionListener, org.springframework.test.context.transaction.TransactionalTestExecutionListener, org.springframework.test.context.jdbc.SqlScriptsTestExecutionListener, org.springframework.test.context.event.EventPublishingTestExecutionListener]
2021-07-13 03:36:55.212  INFO 7294 --- [    Test worker] .b.t.a.w.s.WebMvcTestContextBootstrapper : Using TestExecutionListeners: [org.springframework.test.context.web.ServletTestExecutionListener@3c77e591, org.springframework.test.context.support.DirtiesContextBeforeModesTestExecutionListener@52750a22, org.springframework.boot.test.mock.mockito.MockitoTestExecutionListener@5c62b722, org.springframework.boot.test.autoconfigure.SpringBootDependencyInjectionTestExecutionListener@127319d, org.springframework.test.context.support.DirtiesContextTestExecutionListener@27f0745, org.springframework.test.context.transaction.TransactionalTestExecutionListener@78a13932, org.springframework.test.context.jdbc.SqlScriptsTestExecutionListener@31335aa3, org.springframework.security.test.context.support.WithSecurityContextTestExecutionListener@9a03ec1, org.springframework.test.context.event.EventPublishingTestExecutionListener@731f459f, org.springframework.security.test.context.support.ReactorContextTestExecutionListener@2868a67, org.springframework.boot.test.autoconfigure.restdocs.RestDocsTestExecutionListener@294b3ed6, org.springframework.boot.test.autoconfigure.web.client.MockRestServiceServerResetTestExecutionListener@21954b08, org.springframework.boot.test.autoconfigure.web.servlet.MockMvcPrintOnlyOnFailureTestExecutionListener@282fc118, org.springframework.boot.test.autoconfigure.web.servlet.WebDriverTestExecutionListener@1e4cb3c8, org.springframework.boot.test.autoconfigure.webservices.client.MockWebServiceServerTestExecutionListener@6e018359, org.springframework.boot.test.mock.mockito.ResetMocksTestExecutionListener@6547589a]

  .   ____          _            __ _ _
 /\\ / ___'_ __ _ _(_)_ __  __ _ \ \ \ \
( ( )\___ | '_ | '_| | '_ \/ _` | \ \ \ \
 \\/  ___)| |_)| | | | | || (_| |  ) ) ) )
  '  |____| .__|_| |_|_| |_\__, | / / / /
 =========|_|==============|___/=/_/_/_/
 :: Spring Boot ::                (v2.4.1)

2021-07-13 03:36:55.231  INFO 7294 --- [    Test worker] k.d.springboot.web.HelloControllerTest   : Starting HelloControllerTest using Java 1.8.0_282 on chris.local with PID 7294 (started by chris in /Users/chris/IdeaProjects/kr.dowajwo)
2021-07-13 03:36:55.231  INFO 7294 --- [    Test worker] k.d.springboot.web.HelloControllerTest   : No active profile set, falling back to default profiles: default
2021-07-13 03:36:55.438  INFO 7294 --- [    Test worker] o.s.s.concurrent.ThreadPoolTaskExecutor  : Initializing ExecutorService 'applicationTaskExecutor'
2021-07-13 03:36:55.453  INFO 7294 --- [    Test worker] o.s.b.a.w.s.WelcomePageHandlerMapping    : Adding welcome page template: index
2021-07-13 03:36:55.580  INFO 7294 --- [    Test worker] o.s.s.web.DefaultSecurityFilterChain     : Will secure any request with [org.springframework.security.web.context.request.async.WebAsyncManagerIntegrationFilter@6ab3c51f, org.springframework.security.web.context.SecurityContextPersistenceFilter@4bb9e362, org.springframework.security.web.header.HeaderWriterFilter@7c1ea327, org.springframework.security.web.csrf.CsrfFilter@6daf030f, org.springframework.security.web.authentication.logout.LogoutFilter@46e1b46c, org.springframework.security.oauth2.client.web.OAuth2AuthorizationRequestRedirectFilter@6f993fde, org.springframework.security.oauth2.client.web.OAuth2AuthorizationRequestRedirectFilter@68e472aa, org.springframework.security.oauth2.client.web.OAuth2LoginAuthenticationFilter@26ee7f3f, org.springframework.security.web.authentication.ui.DefaultLoginPageGeneratingFilter@4a447fc2, org.springframework.security.web.authentication.ui.DefaultLogoutPageGeneratingFilter@42a8381c, org.springframework.security.web.savedrequest.RequestCacheAwareFilter@41f9aa18, org.springframework.security.web.servletapi.SecurityContextHolderAwareRequestFilter@48f72e9b, org.springframework.security.web.authentication.AnonymousAuthenticationFilter@2bc20627, org.springframework.security.oauth2.client.web.OAuth2AuthorizationCodeGrantFilter@22e97d4b, org.springframework.security.web.session.SessionManagementFilter@69bc70d0, org.springframework.security.web.access.ExceptionTranslationFilter@7f5eb287, org.springframework.security.web.access.intercept.FilterSecurityInterceptor@64bbb195]
2021-07-13 03:36:55.604  INFO 7294 --- [    Test worker] o.s.b.t.m.w.SpringBootMockServletContext : Initializing Spring TestDispatcherServlet ''
2021-07-13 03:36:55.604  INFO 7294 --- [    Test worker] o.s.t.web.servlet.TestDispatcherServlet  : Initializing Servlet ''
2021-07-13 03:36:55.604  INFO 7294 --- [    Test worker] o.s.t.web.servlet.TestDispatcherServlet  : Completed initialization in 0 ms
2021-07-13 03:36:55.610  INFO 7294 --- [    Test worker] k.d.springboot.web.HelloControllerTest   : Started HelloControllerTest in 0.39 seconds (JVM running for 4.057)
]]></system-out>
  <system-err><![CDATA[]]></system-err>
</testsuite>
