<?xml version="1.0" encoding="UTF-8"?>
<testsuite name="kr.dowajwo.springboot.web.IndexControllerTest" tests="1" skipped="0" failures="0" errors="0" timestamp="2021-07-13T16:22:21" hostname="chris.local" time="0.111">
  <properties/>
  <testcase name="메인페이지_로딩()" classname="kr.dowajwo.springboot.web.IndexControllerTest" time="0.111"/>
  <system-out><![CDATA[2021-07-14 01:22:21.466  INFO 11369 --- [    Test worker] .b.t.c.SpringBootTestContextBootstrapper : Neither @ContextConfiguration nor @ContextHierarchy found for test class [kr.dowajwo.springboot.web.IndexControllerTest], using SpringBootContextLoader
2021-07-14 01:22:21.467  INFO 11369 --- [    Test worker] o.s.t.c.support.AbstractContextLoader    : Could not detect default resource locations for test class [kr.dowajwo.springboot.web.IndexControllerTest]: no resource found for suffixes {-context.xml, Context.groovy}.
2021-07-14 01:22:21.467  INFO 11369 --- [    Test worker] t.c.s.AnnotationConfigContextLoaderUtils : Could not detect default configuration classes for test class [kr.dowajwo.springboot.web.IndexControllerTest]: IndexControllerTest does not declare any static, non-private, non-final, nested classes annotated with @Configuration.
2021-07-14 01:22:21.467  INFO 11369 --- [    Test worker] .b.t.c.SpringBootTestContextBootstrapper : Found @SpringBootConfiguration kr.dowajwo.springboot.Application for test class kr.dowajwo.springboot.web.IndexControllerTest
2021-07-14 01:22:21.468  INFO 11369 --- [    Test worker] .b.t.c.SpringBootTestContextBootstrapper : Loaded default TestExecutionListener class names from location [META-INF/spring.factories]: [org.springframework.security.test.context.support.WithSecurityContextTestExecutionListener, org.springframework.security.test.context.support.ReactorContextTestExecutionListener, org.springframework.boot.test.autoconfigure.restdocs.RestDocsTestExecutionListener, org.springframework.boot.test.autoconfigure.web.client.MockRestServiceServerResetTestExecutionListener, org.springframework.boot.test.autoconfigure.web.servlet.MockMvcPrintOnlyOnFailureTestExecutionListener, org.springframework.boot.test.autoconfigure.web.servlet.WebDriverTestExecutionListener, org.springframework.boot.test.autoconfigure.webservices.client.MockWebServiceServerTestExecutionListener, org.springframework.boot.test.mock.mockito.MockitoTestExecutionListener, org.springframework.boot.test.mock.mockito.ResetMocksTestExecutionListener, org.springframework.test.context.web.ServletTestExecutionListener, org.springframework.test.context.support.DirtiesContextBeforeModesTestExecutionListener, org.springframework.test.context.support.DependencyInjectionTestExecutionListener, org.springframework.test.context.support.DirtiesContextTestExecutionListener, org.springframework.test.context.transaction.TransactionalTestExecutionListener, org.springframework.test.context.jdbc.SqlScriptsTestExecutionListener, org.springframework.test.context.event.EventPublishingTestExecutionListener]
2021-07-14 01:22:21.469  INFO 11369 --- [    Test worker] .b.t.c.SpringBootTestContextBootstrapper : Using TestExecutionListeners: [org.springframework.test.context.web.ServletTestExecutionListener@7573e141, org.springframework.test.context.support.DirtiesContextBeforeModesTestExecutionListener@59699322, org.springframework.boot.test.mock.mockito.MockitoTestExecutionListener@25bbda3d, org.springframework.boot.test.autoconfigure.SpringBootDependencyInjectionTestExecutionListener@6ef38e40, org.springframework.test.context.support.DirtiesContextTestExecutionListener@4601336, org.springframework.test.context.transaction.TransactionalTestExecutionListener@1105701b, org.springframework.test.context.jdbc.SqlScriptsTestExecutionListener@6a942a34, org.springframework.security.test.context.support.WithSecurityContextTestExecutionListener@18e738a8, org.springframework.test.context.event.EventPublishingTestExecutionListener@1c9a6121, org.springframework.security.test.context.support.ReactorContextTestExecutionListener@26255f01, org.springframework.boot.test.autoconfigure.restdocs.RestDocsTestExecutionListener@6dab047b, org.springframework.boot.test.autoconfigure.web.client.MockRestServiceServerResetTestExecutionListener@4ca8431e, org.springframework.boot.test.autoconfigure.web.servlet.MockMvcPrintOnlyOnFailureTestExecutionListener@374a0c3, org.springframework.boot.test.autoconfigure.web.servlet.WebDriverTestExecutionListener@f253afb, org.springframework.boot.test.autoconfigure.webservices.client.MockWebServiceServerTestExecutionListener@3a186fb8, org.springframework.boot.test.mock.mockito.ResetMocksTestExecutionListener@34267b56]
2021-07-14 01:22:21.537  INFO 11369 --- [o-auto-1-exec-1] o.a.c.c.C.[Tomcat].[localhost].[/]       : Initializing Spring DispatcherServlet 'dispatcherServlet'
2021-07-14 01:22:21.537  INFO 11369 --- [o-auto-1-exec-1] o.s.web.servlet.DispatcherServlet        : Initializing Servlet 'dispatcherServlet'
2021-07-14 01:22:21.538  INFO 11369 --- [o-auto-1-exec-1] o.s.web.servlet.DispatcherServlet        : Completed initialization in 1 ms
Hibernate: select posts0_.id as id1_0_, posts0_.created_date as created_2_0_, posts0_.modified_date as modified3_0_, posts0_.author as author4_0_, posts0_.content as content5_0_, posts0_.title as title6_0_ from posts posts0_ order by posts0_.id DESC
]]></system-out>
  <system-err><![CDATA[]]></system-err>
</testsuite>
